app/build/intermediates/manifest_merge_blame_file/release/processReleaseMainManifest/manifest-merger-blame-release-report.txt
1<?xml version="1.0" encoding="utf-8"?>
2<!--
3    Copyright 2019 Google Inc. All Rights Reserved.
4
5     Licensed under the Apache License, Version 2.0 (the "License");
6     you may not use this file except in compliance with the License.
7     You may obtain a copy of the License at
8
9         http://www.apache.org/licenses/LICENSE-2.0
10
11     Unless required by applicable law or agreed to in writing, software
12     distributed under the License is distributed on an "AS IS" BASIS,
13     WITHOUT WARRANTIES OR CONDITIONS OF ANY KIND, either express or implied.
14     See the License for the specific language governing permissions and
15     limitations under the License.
16-->
17<!--
18 The "package" attribute is rewritten by the Gradle build with the value of applicationId.
19     It is still required here, as it is used to derive paths, for instance when referring
20     to an Activity by ".MyActivity" instead of the full name. If more Activities are added to the
21     application, the package attribute will need to reflect the correct path in order to use
22     the abbreviated format.
23-->
24<manifest xmlns:android="http://schemas.android.com/apk/res/android"
25    package="com.dondeoficial.app"
26    android:versionCode="2"
27    android:versionName="2" >
28
29    <uses-sdk
30        android:minSdkVersion="21"
31        android:targetSdkVersion="35" />
32
33    <uses-permission android:name="android.permission.POST_NOTIFICATIONS" />
33-->src\main\AndroidManifest.xml:26:9-80
33-->src\main\AndroidManifest.xml:26:26-78
34    <uses-permission android:name="android.permission.ACCESS_FINE_LOCATION" />
34-->[com.google.androidbrowserhelper:locationdelegation:1.1.2] AndroidManifest.xml:7:5-79
34-->[com.google.androidbrowserhelper:locationdelegation:1.1.2] AndroidManifest.xml:7:22-76
35    <uses-permission android:name="android.permission.ACCESS_COARSE_LOCATION" />
35-->[com.google.androidbrowserhelper:locationdelegation:1.1.2] AndroidManifest.xml:8:5-81
35-->[com.google.androidbrowserhelper:locationdelegation:1.1.2] AndroidManifest.xml:8:22-78
36
37    <queries>
37-->[com.google.androidbrowserhelper:androidbrowserhelper:2.6.2] AndroidManifest.xml:22:5-30:15
38        <intent>
38-->[com.google.androidbrowserhelper:androidbrowserhelper:2.6.2] AndroidManifest.xml:23:9-29:18
39            <action android:name="android.intent.action.VIEW" />
39-->src\main\AndroidManifest.xml:162:17-68
39-->src\main\AndroidManifest.xml:162:25-66
40
41            <category android:name="android.intent.category.BROWSABLE" />
41-->src\main\AndroidManifest.xml:164:17-77
41-->src\main\AndroidManifest.xml:164:27-75
42
43            <data android:scheme="https" />
43-->src\main\AndroidManifest.xml:151:25-63
43-->src\main\AndroidManifest.xml:165:23-45
44        </intent>
45    </queries>
46
47    <permission
47-->[androidx.core:core:1.13.0] AndroidManifest.xml:22:5-24:47
48        android:name="com.dondeoficial.app.DYNAMIC_RECEIVER_NOT_EXPORTED_PERMISSION"
48-->[androidx.core:core:1.13.0] AndroidManifest.xml:23:9-81
49        android:protectionLevel="signature" />
49-->[androidx.core:core:1.13.0] AndroidManifest.xml:24:9-44
50
51    <uses-permission android:name="com.dondeoficial.app.DYNAMIC_RECEIVER_NOT_EXPORTED_PERMISSION" />
51-->[androidx.core:core:1.13.0] AndroidManifest.xml:26:5-97
51-->[androidx.core:core:1.13.0] AndroidManifest.xml:26:22-94
52
53    <application
53-->src\main\AndroidManifest.xml:35:5-216:19
54        android:name="com.dondeoficial.app.Application"
54-->src\main\AndroidManifest.xml:36:9-35
55        android:allowBackup="true"
55-->src\main\AndroidManifest.xml:37:9-35
56        android:appComponentFactory="androidx.core.app.CoreComponentFactory"
56-->[androidx.core:core:1.13.0] AndroidManifest.xml:28:18-86
57        android:extractNativeLibs="true"
58        android:icon="@mipmap/ic_launcher"
58-->src\main\AndroidManifest.xml:38:9-43
59        android:label="@string/appName"
59-->src\main\AndroidManifest.xml:39:9-40
60        android:manageSpaceActivity="com.google.androidbrowserhelper.trusted.ManageDataLauncherActivity"
60-->src\main\AndroidManifest.xml:41:9-105
61        android:supportsRtl="true"
61-->src\main\AndroidManifest.xml:43:9-35
62        android:theme="@android:style/Theme.Translucent.NoTitleBar" >
62-->src\main\AndroidManifest.xml:44:9-68
63        <meta-data
63-->src\main\AndroidManifest.xml:46:9-48:58
64            android:name="asset_statements"
64-->src\main\AndroidManifest.xml:47:13-44
65            android:resource="@string/assetStatements" />
65-->src\main\AndroidManifest.xml:48:13-55
66        <meta-data
66-->src\main\AndroidManifest.xml:51:13-53:58
67            android:name="web_manifest_url"
67-->src\main\AndroidManifest.xml:52:17-48
68            android:value="@string/webManifestUrl" />
68-->src\main\AndroidManifest.xml:53:17-55
69        <meta-data
69-->src\main\AndroidManifest.xml:56:9-58:52
70            android:name="twa_generator"
70-->src\main\AndroidManifest.xml:57:13-41
71            android:value="@string/generatorApp" />
71-->src\main\AndroidManifest.xml:58:13-49
72
73        <activity
73-->src\main\AndroidManifest.xml:65:13-76:24
74            android:name="com.google.androidbrowserhelper.trusted.ManageDataLauncherActivity"
74-->src\main\AndroidManifest.xml:65:23-104
75            android:enabled="true"
75-->src\main\AndroidManifest.xml:67:17-39
76            android:excludeFromRecents="true"
76-->src\main\AndroidManifest.xml:68:17-50
77            android:exported="false" >
77-->src\main\AndroidManifest.xml:66:17-41
78            <meta-data
78-->src\main\AndroidManifest.xml:69:17-71:57
79                android:name="android.support.customtabs.trusted.MANAGE_SPACE_URL"
79-->src\main\AndroidManifest.xml:70:21-87
80                android:value="@string/launchUrl" />
80-->src\main\AndroidManifest.xml:71:21-54
81
82            <intent-filter>
82-->src\main\AndroidManifest.xml:72:17-75:33
83                <action android:name="android.intent.action.APPLICATION_PREFERENCES" />
83-->src\main\AndroidManifest.xml:73:21-92
83-->src\main\AndroidManifest.xml:73:29-89
84
85                <category android:name="android.intent.category.DEFAULT" />
85-->src\main\AndroidManifest.xml:74:21-80
85-->src\main\AndroidManifest.xml:74:31-77
86            </intent-filter>
87        </activity>
88        <activity
88-->src\main\AndroidManifest.xml:79:9-174:20
89            android:name="com.dondeoficial.app.LauncherActivity"
89-->src\main\AndroidManifest.xml:79:19-50
90            android:alwaysRetainTaskState="true"
90-->src\main\AndroidManifest.xml:80:13-49
91            android:exported="true"
91-->src\main\AndroidManifest.xml:82:13-36
92            android:label="@string/launcherName" >
92-->src\main\AndroidManifest.xml:81:13-49
93            <meta-data
93-->src\main\AndroidManifest.xml:83:13-84:53
94                android:name="android.support.customtabs.trusted.DEFAULT_URL"
94-->src\main\AndroidManifest.xml:83:24-85
95                android:value="@string/launchUrl" />
95-->src\main\AndroidManifest.xml:84:17-50
96            <meta-data
96-->src\main\AndroidManifest.xml:86:13-88:58
97                android:name="android.support.customtabs.trusted.STATUS_BAR_COLOR"
97-->src\main\AndroidManifest.xml:87:17-83
98                android:resource="@color/colorPrimary" />
98-->src\main\AndroidManifest.xml:88:17-55
99            <meta-data
99-->src\main\AndroidManifest.xml:92:13-94:62
100                android:name="android.support.customtabs.trusted.STATUS_BAR_COLOR_DARK"
100-->src\main\AndroidManifest.xml:93:17-88
101                android:resource="@color/colorPrimaryDark" />
101-->src\main\AndroidManifest.xml:94:17-59
102            <meta-data
102-->src\main\AndroidManifest.xml:96:13-98:61
103                android:name="android.support.customtabs.trusted.NAVIGATION_BAR_COLOR"
103-->src\main\AndroidManifest.xml:97:17-87
104                android:resource="@color/navigationColor" />
104-->src\main\AndroidManifest.xml:98:17-58
105            <meta-data
105-->src\main\AndroidManifest.xml:100:13-102:65
106                android:name="android.support.customtabs.trusted.NAVIGATION_BAR_COLOR_DARK"
106-->src\main\AndroidManifest.xml:101:17-92
107                android:resource="@color/navigationColorDark" />
107-->src\main\AndroidManifest.xml:102:17-62
108            <meta-data
108-->src\main\AndroidManifest.xml:104:13-106:68
109                android:name="androix.browser.trusted.NAVIGATION_BAR_DIVIDER_COLOR"
109-->src\main\AndroidManifest.xml:105:17-84
110                android:resource="@color/navigationDividerColor" />
110-->src\main\AndroidManifest.xml:106:17-65
111            <meta-data
111-->src\main\AndroidManifest.xml:108:13-110:72
112                android:name="androix.browser.trusted.NAVIGATION_BAR_DIVIDER_COLOR_DARK"
112-->src\main\AndroidManifest.xml:109:17-89
113                android:resource="@color/navigationDividerColorDark" />
113-->src\main\AndroidManifest.xml:110:17-69
114            <meta-data
114-->src\main\AndroidManifest.xml:112:13-113:54
115                android:name="android.support.customtabs.trusted.SPLASH_IMAGE_DRAWABLE"
115-->src\main\AndroidManifest.xml:112:24-95
116                android:resource="@drawable/splash" />
116-->src\main\AndroidManifest.xml:113:17-52
117            <meta-data
117-->src\main\AndroidManifest.xml:115:13-116:60
118                android:name="android.support.customtabs.trusted.SPLASH_SCREEN_BACKGROUND_COLOR"
118-->src\main\AndroidManifest.xml:115:24-104
119                android:resource="@color/backgroundColor" />
119-->src\main\AndroidManifest.xml:116:17-58
120            <meta-data
120-->src\main\AndroidManifest.xml:118:13-119:71
121                android:name="android.support.customtabs.trusted.SPLASH_SCREEN_FADE_OUT_DURATION"
121-->src\main\AndroidManifest.xml:118:24-105
122                android:value="@integer/splashScreenFadeOutDuration" />
122-->src\main\AndroidManifest.xml:119:17-69
123            <meta-data
123-->src\main\AndroidManifest.xml:121:13-122:60
124                android:name="android.support.customtabs.trusted.FILE_PROVIDER_AUTHORITY"
124-->src\main\AndroidManifest.xml:121:24-97
125                android:value="@string/providerAuthority" />
125-->src\main\AndroidManifest.xml:122:17-58
126            <meta-data
126-->src\main\AndroidManifest.xml:124:13-97
127                android:name="android.app.shortcuts"
127-->src\main\AndroidManifest.xml:124:24-60
128                android:resource="@xml/shortcuts" />
128-->src\main\AndroidManifest.xml:124:61-94
129            <meta-data
129-->src\main\AndroidManifest.xml:126:13-127:56
130                android:name="android.support.customtabs.trusted.FALLBACK_STRATEGY"
130-->src\main\AndroidManifest.xml:126:24-91
131                android:value="@string/fallbackType" />
131-->src\main\AndroidManifest.xml:127:17-53
132            <meta-data
132-->src\main\AndroidManifest.xml:130:17-132:61
133                android:name="android.support.customtabs.trusted.METADATA_SHARE_TARGET"
133-->src\main\AndroidManifest.xml:131:21-92
134                android:resource="@string/shareTarget" />
134-->src\main\AndroidManifest.xml:132:21-59
135            <meta-data
135-->src\main\AndroidManifest.xml:137:13-138:54
136                android:name="android.support.customtabs.trusted.SCREEN_ORIENTATION"
136-->src\main\AndroidManifest.xml:137:24-92
137                android:value="@string/orientation" />
137-->src\main\AndroidManifest.xml:138:17-52
138
139            <intent-filter>
139-->src\main\AndroidManifest.xml:145:17-153:33
140                <action android:name="android.intent.action.SEND" />
140-->src\main\AndroidManifest.xml:147:25-77
140-->src\main\AndroidManifest.xml:147:33-74
141
142                <category android:name="android.intent.category.DEFAULT" />
142-->src\main\AndroidManifest.xml:74:21-80
142-->src\main\AndroidManifest.xml:74:31-77
143
144                <data android:mimeType="text/plain" />
144-->src\main\AndroidManifest.xml:151:25-63
144-->src\main\AndroidManifest.xml:151:31-60
145            </intent-filter>
146            <intent-filter>
146-->src\main\AndroidManifest.xml:156:13-159:29
147                <action android:name="android.intent.action.MAIN" />
147-->src\main\AndroidManifest.xml:157:17-69
147-->src\main\AndroidManifest.xml:157:25-66
148
149                <category android:name="android.intent.category.LAUNCHER" />
149-->src\main\AndroidManifest.xml:158:17-77
149-->src\main\AndroidManifest.xml:158:27-74
150            </intent-filter>
151            <intent-filter android:autoVerify="true" >
151-->src\main\AndroidManifest.xml:161:13-169:29
151-->src\main\AndroidManifest.xml:161:28-53
152                <action android:name="android.intent.action.VIEW" />
152-->src\main\AndroidManifest.xml:162:17-68
152-->src\main\AndroidManifest.xml:162:25-66
153
154                <category android:name="android.intent.category.DEFAULT" />
154-->src\main\AndroidManifest.xml:74:21-80
154-->src\main\AndroidManifest.xml:74:31-77
155                <category android:name="android.intent.category.BROWSABLE" />
155-->src\main\AndroidManifest.xml:164:17-77
155-->src\main\AndroidManifest.xml:164:27-75
156
157                <data
157-->src\main\AndroidManifest.xml:151:25-63
158                    android:host="@string/hostName"
158-->src\main\AndroidManifest.xml:166:21-52
159                    android:scheme="https" />
159-->src\main\AndroidManifest.xml:165:23-45
160            </intent-filter>
161        </activity>
162        <activity android:name="com.google.androidbrowserhelper.trusted.FocusActivity" />
162-->src\main\AndroidManifest.xml:176:9-90
162-->src\main\AndroidManifest.xml:176:19-87
163        <activity
163-->src\main\AndroidManifest.xml:178:9-179:62
164            android:name="com.google.androidbrowserhelper.trusted.WebViewFallbackActivity"
164-->src\main\AndroidManifest.xml:178:19-97
165            android:configChanges="orientation|screenSize" />
165-->src\main\AndroidManifest.xml:179:13-59
166
167        <provider
167-->src\main\AndroidManifest.xml:181:9-189:20
168            android:name="androidx.core.content.FileProvider"
168-->src\main\AndroidManifest.xml:182:13-62
169            android:authorities="@string/providerAuthority"
169-->src\main\AndroidManifest.xml:183:13-60
170            android:exported="false"
170-->src\main\AndroidManifest.xml:185:13-37
171            android:grantUriPermissions="true" >
171-->src\main\AndroidManifest.xml:184:13-47
172            <meta-data
172-->src\main\AndroidManifest.xml:186:13-188:53
173                android:name="android.support.FILE_PROVIDER_PATHS"
173-->src\main\AndroidManifest.xml:187:17-67
174                android:resource="@xml/filepaths" />
174-->src\main\AndroidManifest.xml:188:17-50
175        </provider>
176
177        <service
177-->src\main\AndroidManifest.xml:191:9-206:19
178            android:name="com.dondeoficial.app.DelegationService"
178-->src\main\AndroidManifest.xml:192:13-46
179            android:enabled="@bool/enableNotification"
179-->src\main\AndroidManifest.xml:193:13-55
180            android:exported="@bool/enableNotification" >
180-->src\main\AndroidManifest.xml:194:13-56
181            <meta-data
181-->src\main\AndroidManifest.xml:197:17-199:73
182                android:name="android.support.customtabs.trusted.SMALL_ICON"
182-->src\main\AndroidManifest.xml:198:21-81
183                android:resource="@drawable/ic_notification_icon" />
183-->src\main\AndroidManifest.xml:199:21-70
184
185            <intent-filter>
185-->src\main\AndroidManifest.xml:202:13-205:29
186                <action android:name="android.support.customtabs.trusted.TRUSTED_WEB_ACTIVITY_SERVICE" />
186-->src\main\AndroidManifest.xml:203:17-105
186-->src\main\AndroidManifest.xml:203:25-103
187
188                <category android:name="android.intent.category.DEFAULT" />
188-->src\main\AndroidManifest.xml:74:21-80
188-->src\main\AndroidManifest.xml:74:31-77
189            </intent-filter>
190        </service>
191
192        <activity android:name="com.google.androidbrowserhelper.trusted.NotificationPermissionRequestActivity" />
192-->src\main\AndroidManifest.xml:209:13-118
192-->src\main\AndroidManifest.xml:209:23-115
193        <activity android:name="com.google.androidbrowserhelper.locationdelegation.PermissionRequestActivity" />
193-->src\main\AndroidManifest.xml:213:13-214:89
193-->src\main\AndroidManifest.xml:213:23-123
194        <activity
194-->[com.google.android.gms:play-services-base:18.1.0] AndroidManifest.xml:20:9-22:45
195            android:name="com.google.android.gms.common.api.GoogleApiActivity"
195-->[com.google.android.gms:play-services-base:18.1.0] AndroidManifest.xml:20:19-85
196            android:exported="false"
196-->[com.google.android.gms:play-services-base:18.1.0] AndroidManifest.xml:22:19-43
197            android:theme="@android:style/Theme.Translucent.NoTitleBar" />
197-->[com.google.android.gms:play-services-base:18.1.0] AndroidManifest.xml:21:19-78
198
199        <meta-data
199-->[com.google.android.gms:play-services-basement:18.1.0] AndroidManifest.xml:21:9-23:69
200            android:name="com.google.android.gms.version"
200-->[com.google.android.gms:play-services-basement:18.1.0] AndroidManifest.xml:22:13-58
201            android:value="@integer/google_play_services_version" />
201-->[com.google.android.gms:play-services-basement:18.1.0] AndroidManifest.xml:23:13-66
202
203        <provider
203-->[androidx.emoji2:emoji2:1.3.0] AndroidManifest.xml:24:9-32:20
204            android:name="androidx.startup.InitializationProvider"
204-->[androidx.emoji2:emoji2:1.3.0] AndroidManifest.xml:25:13-67
205            android:authorities="com.dondeoficial.app.androidx-startup"
205-->[androidx.emoji2:emoji2:1.3.0] AndroidManifest.xml:26:13-68
206            android:exported="false" >
206-->[androidx.emoji2:emoji2:1.3.0] AndroidManifest.xml:27:13-37
207            <meta-data
207-->[androidx.emoji2:emoji2:1.3.0] AndroidManifest.xml:29:13-31:52
208                android:name="androidx.emoji2.text.EmojiCompatInitializer"
208-->[androidx.emoji2:emoji2:1.3.0] AndroidManifest.xml:30:17-75
209                android:value="androidx.startup" />
209-->[androidx.emoji2:emoji2:1.3.0] AndroidManifest.xml:31:17-49
210            <meta-data
210-->[androidx.lifecycle:lifecycle-process:2.6.2] AndroidManifest.xml:29:13-31:52
211                android:name="androidx.lifecycle.ProcessLifecycleInitializer"
211-->[androidx.lifecycle:lifecycle-process:2.6.2] AndroidManifest.xml:30:17-78
212                android:value="androidx.startup" />
212-->[androidx.lifecycle:lifecycle-process:2.6.2] AndroidManifest.xml:31:17-49
213            <meta-data
213-->[androidx.profileinstaller:profileinstaller:1.3.1] AndroidManifest.xml:29:13-31:52
214                android:name="androidx.profileinstaller.ProfileInstallerInitializer"
214-->[androidx.profileinstaller:profileinstaller:1.3.1] AndroidManifest.xml:30:17-85
215                android:value="androidx.startup" />
215-->[androidx.profileinstaller:profileinstaller:1.3.1] AndroidManifest.xml:31:17-49
216        </provider>
217
218        <receiver
218-->[androidx.profileinstaller:profileinstaller:1.3.1] AndroidManifest.xml:34:9-52:20
219            android:name="androidx.profileinstaller.ProfileInstallReceiver"
219-->[androidx.profileinstaller:profileinstaller:1.3.1] AndroidManifest.xml:35:13-76
220            android:directBootAware="false"
220-->[androidx.profileinstaller:profileinstaller:1.3.1] AndroidManifest.xml:36:13-44
221            android:enabled="true"
221-->[androidx.profileinstaller:profileinstaller:1.3.1] AndroidManifest.xml:37:13-35
222            android:exported="true"
222-->[androidx.profileinstaller:profileinstaller:1.3.1] AndroidManifest.xml:38:13-36
223            android:permission="android.permission.DUMP" >
223-->[androidx.profileinstaller:profileinstaller:1.3.1] AndroidManifest.xml:39:13-57
224            <intent-filter>
224-->[androidx.profileinstaller:profileinstaller:1.3.1] AndroidManifest.xml:40:13-42:29
225                <action android:name="androidx.profileinstaller.action.INSTALL_PROFILE" />
225-->[androidx.profileinstaller:profileinstaller:1.3.1] AndroidManifest.xml:41:17-91
225-->[androidx.profileinstaller:profileinstaller:1.3.1] AndroidManifest.xml:41:25-88
226            </intent-filter>
227            <intent-filter>
227-->[androidx.profileinstaller:profileinstaller:1.3.1] AndroidManifest.xml:43:13-45:29
228                <action android:name="androidx.profileinstaller.action.SKIP_FILE" />
228-->[androidx.profileinstaller:profileinstaller:1.3.1] AndroidManifest.xml:44:17-85
228-->[androidx.profileinstaller:profileinstaller:1.3.1] AndroidManifest.xml:44:25-82
229            </intent-filter>
230            <intent-filter>
230-->[androidx.profileinstaller:profileinstaller:1.3.1] AndroidManifest.xml:46:13-48:29
231                <action android:name="androidx.profileinstaller.action.SAVE_PROFILE" />
231-->[androidx.profileinstaller:profileinstaller:1.3.1] AndroidManifest.xml:47:17-88
231-->[androidx.profileinstaller:profileinstaller:1.3.1] AndroidManifest.xml:47:25-85
232            </intent-filter>
233            <intent-filter>
233-->[androidx.profileinstaller:profileinstaller:1.3.1] AndroidManifest.xml:49:13-51:29
234                <action android:name="androidx.profileinstaller.action.BENCHMARK_OPERATION" />
234-->[androidx.profileinstaller:profileinstaller:1.3.1] AndroidManifest.xml:50:17-95
234-->[androidx.profileinstaller:profileinstaller:1.3.1] AndroidManifest.xml:50:25-92
235            </intent-filter>
236        </receiver>
237    </application>
238
239</manifest>